{
  "RSpec": {
    "coverage": {
      "/home/peter/NTHUISA/SOA/project/lib/gateways/cwb_api.rb": {
        "lines": [
          null,
          null,
          1,
          1,
          null,
          1,
          null,
          1,
          1,
          1,
          2,
          null,
          null,
          1,
          24,
          1,
          1,
          1,
          null,
          null,
          null,
          1,
          null,
          1,
          null,
          2,
          null,
          2,
          2,
          null,
          null,
          null,
          null,
          1,
          1,
          null,
          1,
          null,
          1,
          null,
          null,
          null,
          1,
          null,
          null,
          null,
          1,
          2,
          null,
          null,
          1,
          1,
          null,
          null,
          null,
          null,
          null
        ]
      },
      "/home/peter/NTHUISA/SOA/project/lib/location.rb": {
        "lines": [
          null,
          null,
          1,
          null,
          1,
          1,
          0,
          0,
          null,
          null,
          1,
          0,
          null,
          null,
          1,
          0,
          null,
          null,
          1,
          0,
          null,
          null,
          1,
          0,
          null,
          null,
          null
        ]
      }
    },
    "timestamp": 1666851754
  }
}
